Flow report for Rambod_Azimi_VHDL3
Fri Feb 11 17:50:44 2022
Quartus Prime Version 16.1.0 Build 196 10/24/2016 SJ Lite Edition


---------------------
; Table of Contents ;
---------------------
  1. Legal Notice
  2. Flow Summary
  3. Flow Settings
  4. Flow Non-Default Global Settings
  5. Flow Elapsed Time
  6. Flow OS Summary
  7. Flow Log
  8. Flow Messages
  9. Flow Suppressed Messages



----------------
; Legal Notice ;
----------------
Copyright (C) 2016  Intel Corporation. All rights reserved.
Your use of Intel Corporation's design tools, logic functions 
and other software and tools, and its AMPP partner logic 
functions, and any output files from any of the foregoing 
(including device programming or simulation files), and any 
associated documentation or information are expressly subject 
to the terms and conditions of the Intel Program License 
Subscription Agreement, the Intel Quartus Prime License Agreement,
the Intel MegaCore Function License Agreement, or other 
applicable license agreement, including, without limitation, 
that your use is for the sole purpose of programming logic 
devices manufactured by Intel and sold by Intel or its 
authorized distributors.  Please refer to the applicable 
agreement for further details.



+-------------------------------------------------------------------------------+
; Flow Summary                                                                  ;
+---------------------------------+---------------------------------------------+
; Flow Status                     ; Successful - Fri Feb 11 17:50:44 2022       ;
; Quartus Prime Version           ; 16.1.0 Build 196 10/24/2016 SJ Lite Edition ;
; Revision Name                   ; Rambod_Azimi_VHDL3                          ;
; Top-level Entity Name           ; rambod_azimi_bcd_adder_behavioral           ;
; Family                          ; Cyclone V                                   ;
; Device                          ; 5CSEMA5F31C6                                ;
; Timing Models                   ; Final                                       ;
; Logic utilization (in ALMs)     ; 5 / 32,070 ( < 1 % )                        ;
; Total registers                 ; 0                                           ;
; Total pins                      ; 13 / 457 ( 3 % )                            ;
; Total virtual pins              ; 0                                           ;
; Total block memory bits         ; 0 / 4,065,280 ( 0 % )                       ;
; Total DSP Blocks                ; 0 / 87 ( 0 % )                              ;
; Total HSSI RX PCSs              ; 0                                           ;
; Total HSSI PMA RX Deserializers ; 0                                           ;
; Total HSSI TX PCSs              ; 0                                           ;
; Total HSSI PMA TX Serializers   ; 0                                           ;
; Total PLLs                      ; 0 / 6 ( 0 % )                               ;
; Total DLLs                      ; 0 / 4 ( 0 % )                               ;
+---------------------------------+---------------------------------------------+


+-----------------------------------------+
; Flow Settings                           ;
+-------------------+---------------------+
; Option            ; Setting             ;
+-------------------+---------------------+
; Start date & time ; 02/11/2022 17:49:41 ;
; Main task         ; Compilation         ;
; Revision Name     ; Rambod_Azimi_VHDL3  ;
+-------------------+---------------------+


+--------------------------------------------------------------------------------------------------------------------------------------------------------+
; Flow Non-Default Global Settings                                                                                                                       ;
+-------------------------------------+----------------------------------------+--------------------+-----------------------------------+----------------+
; Assignment Name                     ; Value                                  ; Default Value      ; Entity Name                       ; Section Id     ;
+-------------------------------------+----------------------------------------+--------------------+-----------------------------------+----------------+
; COMPILER_SIGNATURE_ID               ; 123926586586774.164461978112320        ; --                 ; --                                ; --             ;
; EDA_OUTPUT_DATA_FORMAT              ; Vhdl                                   ; --                 ; --                                ; eda_simulation ;
; EDA_SIMULATION_TOOL                 ; ModelSim-Altera (VHDL)                 ; <None>             ; --                                ; --             ;
; EDA_TIME_SCALE                      ; 1 ps                                   ; --                 ; --                                ; eda_simulation ;
; MAX_CORE_JUNCTION_TEMP              ; 85                                     ; --                 ; --                                ; --             ;
; MIN_CORE_JUNCTION_TEMP              ; 0                                      ; --                 ; --                                ; --             ;
; PARTITION_COLOR                     ; -- (Not supported for targeted family) ; --                 ; rambod_azimi_bcd_adder_behavioral ; Top            ;
; PARTITION_FITTER_PRESERVATION_LEVEL ; -- (Not supported for targeted family) ; --                 ; rambod_azimi_bcd_adder_behavioral ; Top            ;
; PARTITION_NETLIST_TYPE              ; -- (Not supported for targeted family) ; --                 ; rambod_azimi_bcd_adder_behavioral ; Top            ;
; PROJECT_OUTPUT_DIRECTORY            ; output_files                           ; --                 ; --                                ; --             ;
; TOP_LEVEL_ENTITY                    ; rambod_azimi_bcd_adder_behavioral      ; Rambod_Azimi_VHDL3 ; --                                ; --             ;
+-------------------------------------+----------------------------------------+--------------------+-----------------------------------+----------------+


+-------------------------------------------------------------------------------------------------------------------------------+
; Flow Elapsed Time                                                                                                             ;
+---------------------------+--------------+-------------------------+---------------------+------------------------------------+
; Module Name               ; Elapsed Time ; Average Processors Used ; Peak Virtual Memory ; Total CPU Time (on all processors) ;
+---------------------------+--------------+-------------------------+---------------------+------------------------------------+
; Analysis & Synthesis      ; 00:00:09     ; 1.0                     ; 4885 MB             ; 00:00:17                           ;
; Fitter                    ; 00:00:27     ; 1.0                     ; 6984 MB             ; 00:01:04                           ;
; Assembler                 ; 00:00:08     ; 1.0                     ; 4849 MB             ; 00:00:05                           ;
; TimeQuest Timing Analyzer ; 00:00:09     ; 1.0                     ; 5199 MB             ; 00:00:04                           ;
; EDA Netlist Writer        ; 00:00:02     ; 1.0                     ; 4752 MB             ; 00:00:01                           ;
; Total                     ; 00:00:55     ; --                      ; --                  ; 00:01:31                           ;
+---------------------------+--------------+-------------------------+---------------------+------------------------------------+


+-----------------------------------------------------------------------------------------+
; Flow OS Summary                                                                         ;
+---------------------------+------------------+------------+------------+----------------+
; Module Name               ; Machine Hostname ; OS Name    ; OS Version ; Processor type ;
+---------------------------+------------------+------------+------------+----------------+
; Analysis & Synthesis      ; 156TR4060-14     ; Windows 10 ; 10.0       ; x86_64         ;
; Fitter                    ; 156TR4060-14     ; Windows 10 ; 10.0       ; x86_64         ;
; Assembler                 ; 156TR4060-14     ; Windows 10 ; 10.0       ; x86_64         ;
; TimeQuest Timing Analyzer ; 156TR4060-14     ; Windows 10 ; 10.0       ; x86_64         ;
; EDA Netlist Writer        ; 156TR4060-14     ; Windows 10 ; 10.0       ; x86_64         ;
+---------------------------+------------------+------------+------------+----------------+


------------
; Flow Log ;
------------
quartus_map --read_settings_files=on --write_settings_files=off Rambod_Azimi_VHDL3 -c Rambod_Azimi_VHDL3
quartus_fit --read_settings_files=off --write_settings_files=off Rambod_Azimi_VHDL3 -c Rambod_Azimi_VHDL3
quartus_asm --read_settings_files=off --write_settings_files=off Rambod_Azimi_VHDL3 -c Rambod_Azimi_VHDL3
quartus_sta Rambod_Azimi_VHDL3 -c Rambod_Azimi_VHDL3
quartus_eda --read_settings_files=off --write_settings_files=off Rambod_Azimi_VHDL3 -c Rambod_Azimi_VHDL3



